<?xml version="1.0" encoding="UTF-8"?>
<!-- Generated by org.testng.reporters.JUnitXMLReporter -->
<testsuite ignored="0" hostname="L76082" failures="0" tests="6" name="TestOne" time="43.917" errors="0" timestamp="2024-08-11T16:15:46 IST">
  <testcase classname="PankilSharma.Tests.SubmitOrderTest" name="loginTest" time="0.164"/>
  <testcase classname="PankilSharma.Tests.SubmitOrderTest" name="loginTest" time="0.145"/>
  <testcase classname="PankilSharma.Tests.SubmitOrderTest" name="loginTest" time="0.145"/>
  <testcase classname="PankilSharma.Tests.SubmitOrderTest" name="testCaseOne" time="4.436"/>
  <testcase classname="PankilSharma.Tests.SubmitOrderTest" name="testCaseOne" time="4.171"/>
  <testcase classname="PankilSharma.Tests.SubmitOrderTest" name="testCaseOne" time="4.448"/>
</testsuite> <!-- TestOne -->
