<?xml version="1.0" encoding="UTF-8"?>
<testng-results ignored="0" total="6" passed="6" failed="0" skipped="0">
  <reporter-output>
  </reporter-output>
  <suite started-at="2024-08-11T16:15:02 IST" name="Suite" finished-at="2024-08-11T16:15:46 IST" duration-ms="43917">
    <groups>
    </groups>
    <test started-at="2024-08-11T16:15:02 IST" name="TestOne" finished-at="2024-08-11T16:15:46 IST" duration-ms="43917">
      <class name="PankilSharma.Tests.SubmitOrderTest">
        <test-method is-config="true" signature="launchApp()[pri:0, instance:PankilSharma.Tests.SubmitOrderTest@72c8e7b]" started-at="2024-08-11T16:15:02 IST" name="launchApp" finished-at="2024-08-11T16:15:07 IST" duration-ms="4807" status="PASS">
          <reporter-output>
          </reporter-output>
        </test-method> <!-- launchApp -->
        <test-method signature="loginTest(java.util.HashMap)[pri:0, instance:PankilSharma.Tests.SubmitOrderTest@72c8e7b]" started-at="2024-08-11T16:15:07 IST" name="loginTest" data-provider="loginDataProvider" finished-at="2024-08-11T16:15:07 IST" duration-ms="164" status="PASS">
          <params>
            <param index="0">
              <value>
                <![CDATA[{password=Password@, email=Pankil@gmail}]]>
              </value>
            </param>
          </params>
          <reporter-output>
          </reporter-output>
        </test-method> <!-- loginTest -->
        <test-method is-config="true" signature="closeBrowser()[pri:0, instance:PankilSharma.Tests.SubmitOrderTest@72c8e7b]" started-at="2024-08-11T16:15:07 IST" name="closeBrowser" finished-at="2024-08-11T16:15:07 IST" duration-ms="24" status="PASS">
          <reporter-output>
          </reporter-output>
        </test-method> <!-- closeBrowser -->
        <test-method is-config="true" signature="launchApp()[pri:0, instance:PankilSharma.Tests.SubmitOrderTest@72c8e7b]" started-at="2024-08-11T16:15:07 IST" name="launchApp" finished-at="2024-08-11T16:15:12 IST" duration-ms="4361" status="PASS">
          <reporter-output>
          </reporter-output>
        </test-method> <!-- launchApp -->
        <test-method signature="loginTest(java.util.HashMap)[pri:0, instance:PankilSharma.Tests.SubmitOrderTest@72c8e7b]" started-at="2024-08-11T16:15:12 IST" name="loginTest" data-provider="loginDataProvider" finished-at="2024-08-11T16:15:12 IST" duration-ms="145" status="PASS">
          <params>
            <param index="0">
              <value>
                <![CDATA[{password=Password@, email=Pankil@Automation}]]>
              </value>
            </param>
          </params>
          <reporter-output>
          </reporter-output>
        </test-method> <!-- loginTest -->
        <test-method is-config="true" signature="closeBrowser()[pri:0, instance:PankilSharma.Tests.SubmitOrderTest@72c8e7b]" started-at="2024-08-11T16:15:12 IST" name="closeBrowser" finished-at="2024-08-11T16:15:12 IST" duration-ms="20" status="PASS">
          <reporter-output>
          </reporter-output>
        </test-method> <!-- closeBrowser -->
        <test-method is-config="true" signature="launchApp()[pri:0, instance:PankilSharma.Tests.SubmitOrderTest@72c8e7b]" started-at="2024-08-11T16:15:12 IST" name="launchApp" finished-at="2024-08-11T16:15:17 IST" duration-ms="4838" status="PASS">
          <reporter-output>
          </reporter-output>
        </test-method> <!-- launchApp -->
        <test-method signature="loginTest(java.util.HashMap)[pri:0, instance:PankilSharma.Tests.SubmitOrderTest@72c8e7b]" started-at="2024-08-11T16:15:17 IST" name="loginTest" data-provider="loginDataProvider" finished-at="2024-08-11T16:15:17 IST" duration-ms="145" status="PASS">
          <params>
            <param index="0">
              <value>
                <![CDATA[{password=password@123, email=Pankil@Automation.com}]]>
              </value>
            </param>
          </params>
          <reporter-output>
          </reporter-output>
        </test-method> <!-- loginTest -->
        <test-method is-config="true" signature="closeBrowser()[pri:0, instance:PankilSharma.Tests.SubmitOrderTest@72c8e7b]" started-at="2024-08-11T16:15:17 IST" name="closeBrowser" finished-at="2024-08-11T16:15:17 IST" duration-ms="22" status="PASS">
          <reporter-output>
          </reporter-output>
        </test-method> <!-- closeBrowser -->
        <test-method is-config="true" signature="launchApp()[pri:0, instance:PankilSharma.Tests.SubmitOrderTest@72c8e7b]" started-at="2024-08-11T16:15:17 IST" name="launchApp" finished-at="2024-08-11T16:15:22 IST" duration-ms="4748" status="PASS">
          <reporter-output>
          </reporter-output>
        </test-method> <!-- launchApp -->
        <test-method signature="testCaseOne(java.lang.String)[pri:0, instance:PankilSharma.Tests.SubmitOrderTest@72c8e7b]" started-at="2024-08-11T16:15:22 IST" name="testCaseOne" data-provider="productsDataProvider" finished-at="2024-08-11T16:15:26 IST" duration-ms="4436" status="PASS">
          <params>
            <param index="0">
              <value>
                <![CDATA[ADIDAS ORIGINAL]]>
              </value>
            </param>
          </params>
          <reporter-output>
          </reporter-output>
        </test-method> <!-- testCaseOne -->
        <test-method is-config="true" signature="closeBrowser()[pri:0, instance:PankilSharma.Tests.SubmitOrderTest@72c8e7b]" started-at="2024-08-11T16:15:26 IST" name="closeBrowser" finished-at="2024-08-11T16:15:26 IST" duration-ms="21" status="PASS">
          <reporter-output>
          </reporter-output>
        </test-method> <!-- closeBrowser -->
        <test-method is-config="true" signature="launchApp()[pri:0, instance:PankilSharma.Tests.SubmitOrderTest@72c8e7b]" started-at="2024-08-11T16:15:26 IST" name="launchApp" finished-at="2024-08-11T16:15:31 IST" duration-ms="5386" status="PASS">
          <reporter-output>
          </reporter-output>
        </test-method> <!-- launchApp -->
        <test-method signature="testCaseOne(java.lang.String)[pri:0, instance:PankilSharma.Tests.SubmitOrderTest@72c8e7b]" started-at="2024-08-11T16:15:31 IST" name="testCaseOne" data-provider="productsDataProvider" finished-at="2024-08-11T16:15:36 IST" duration-ms="4171" status="PASS">
          <params>
            <param index="0">
              <value>
                <![CDATA[ZARA COAT 3]]>
              </value>
            </param>
          </params>
          <reporter-output>
          </reporter-output>
        </test-method> <!-- testCaseOne -->
        <test-method is-config="true" signature="closeBrowser()[pri:0, instance:PankilSharma.Tests.SubmitOrderTest@72c8e7b]" started-at="2024-08-11T16:15:36 IST" name="closeBrowser" finished-at="2024-08-11T16:15:36 IST" duration-ms="23" status="PASS">
          <reporter-output>
          </reporter-output>
        </test-method> <!-- closeBrowser -->
        <test-method is-config="true" signature="launchApp()[pri:0, instance:PankilSharma.Tests.SubmitOrderTest@72c8e7b]" started-at="2024-08-11T16:15:36 IST" name="launchApp" finished-at="2024-08-11T16:15:42 IST" duration-ms="5949" status="PASS">
          <reporter-output>
          </reporter-output>
        </test-method> <!-- launchApp -->
        <test-method signature="testCaseOne(java.lang.String)[pri:0, instance:PankilSharma.Tests.SubmitOrderTest@72c8e7b]" started-at="2024-08-11T16:15:42 IST" name="testCaseOne" data-provider="productsDataProvider" finished-at="2024-08-11T16:15:46 IST" duration-ms="4448" status="PASS">
          <params>
            <param index="0">
              <value>
                <![CDATA[IPHONE 13 PRO]]>
              </value>
            </param>
          </params>
          <reporter-output>
          </reporter-output>
        </test-method> <!-- testCaseOne -->
        <test-method is-config="true" signature="closeBrowser()[pri:0, instance:PankilSharma.Tests.SubmitOrderTest@72c8e7b]" started-at="2024-08-11T16:15:46 IST" name="closeBrowser" finished-at="2024-08-11T16:15:46 IST" duration-ms="23" status="PASS">
          <reporter-output>
          </reporter-output>
        </test-method> <!-- closeBrowser -->
      </class> <!-- PankilSharma.Tests.SubmitOrderTest -->
    </test> <!-- TestOne -->
  </suite> <!-- Suite -->
</testng-results>
